Using pre-set license

 COMMAND LINE ARGUMENTS:
/Applications/Unity/Hub/Editor/2020.3.0f1/Unity.app/Contents/MacOS/Unity
-adb2
-batchMode
-noUpm
-name
AssetImportWorker0
-projectPath
/Users/reginhurleydavid/Documents/Unity Projects/Evolution
-logFile
Logs/AssetImportWorker0.log
-srvPort
59266
Successfully changed project path to: /Users/reginhurleydavid/Documents/Unity Projects/Evolution
/Users/reginhurleydavid/Documents/Unity Projects/Evolution
Using Asset Import Pipeline V2.
Refreshing native plugins compatible for Editor in 100.72 ms, found 1 plugins.
Preloading 0 native plugins for Editor in 0.00 ms.
Initialize engine version: 2020.3.0f1 (c7b5465681fb)
[Subsystems] Discovering subsystems at path /Applications/Unity/Hub/Editor/2020.3.0f1/Unity.app/Contents/Resources/UnitySubsystems
[Subsystems] Discovering subsystems at path /Users/reginhurleydavid/Documents/Unity Projects/Evolution/Assets
GfxDevice: creating device client; threaded=0
2021-05-11 15:56:32.358 Unity[5187:401193] Color LCD preferred device: Intel(R) Iris(TM) Plus Graphics (low power)
2021-05-11 15:56:32.358 Unity[5187:401193] Metal devices available: 1
2021-05-11 15:56:32.358 Unity[5187:401193] 0: Intel(R) Iris(TM) Plus Graphics (low power)
2021-05-11 15:56:32.359 Unity[5187:401193] Using device Intel(R) Iris(TM) Plus Graphics (low power)
Initializing Metal device caps: Intel(R) Iris(TM) Plus Graphics
Shader 'Universal Render Pipeline/Particles/Lit': fallback shader 'Universal Render Pipeline/Particles/SimpleLit' not found
Initialize mono
Mono path[0] = '/Applications/Unity/Hub/Editor/2020.3.0f1/Unity.app/Contents/Managed'
Mono path[1] = '/Applications/Unity/Hub/Editor/2020.3.0f1/Unity.app/Contents/MonoBleedingEdge/lib/mono/unityjit'
Mono config path = '/Applications/Unity/Hub/Editor/2020.3.0f1/Unity.app/Contents/MonoBleedingEdge/etc'
Using monoOptions --debugger-agent=transport=dt_socket,embedding=1,server=y,suspend=n,address=127.0.0.1:56187
Begin MonoManager ReloadAssembly
Registering precompiled unity dll's ...
Register platform support module: /Applications/Unity/Hub/Editor/2020.3.0f1/PlaybackEngines/WebGLSupport/UnityEditor.WebGL.Extensions.dll
Register platform support module: /Applications/Unity/Hub/Editor/2020.3.0f1/Unity.app/Contents/PlaybackEngines/MacStandaloneSupport/UnityEditor.OSXStandalone.Extensions.dll
Register platform support module: /Applications/Unity/Hub/Editor/2020.3.0f1/PlaybackEngines/WindowsStandaloneSupport/UnityEditor.WindowsStandalone.Extensions.dll
Registered in 0.006809 seconds.
Native extension for WindowsStandalone target not found
Native extension for OSXStandalone target not found
Native extension for WebGL target not found
Refreshing native plugins compatible for Editor in 92.50 ms, found 1 plugins.
Preloading 0 native plugins for Editor in 0.00 ms.
Invoked RoslynAnalysisRunner static constructor.
RoslynAnalysisRunner will not be running.
RoslynAnalysisRunner has terminated.
Mono: successfully reloaded assembly
- Completed reload, in  5.925 seconds
Platform modules already initialized, skipping
Registering precompiled user dll's ...
Registered in 0.004214 seconds.
Begin MonoManager ReloadAssembly
Native extension for WindowsStandalone target not found
Native extension for OSXStandalone target not found
Native extension for WebGL target not found
Refreshing native plugins compatible for Editor in 102.22 ms, found 1 plugins.
Preloading 0 native plugins for Editor in 0.00 ms.
Invoked RoslynAnalysisRunner static constructor.
RoslynAnalysisRunner will not be running.
RoslynAnalysisRunner has terminated.
Mono: successfully reloaded assembly
- Completed reload, in  2.384 seconds
Platform modules already initialized, skipping
========================================================================
Worker process is ready to serve import requests
Shader 'Universal Render Pipeline/Particles/Lit': fallback shader 'Universal Render Pipeline/Particles/SimpleLit' not found
Launching external process: /Applications/Unity/Hub/Editor/2020.3.0f1/Unity.app/Contents/Tools/UnityShaderCompiler
Launched and connected shader compiler UnityShaderCompiler after 0.02 seconds
Refreshing native plugins compatible for Editor in 0.67 ms, found 1 plugins.
Preloading 0 native plugins for Editor in 0.00 ms.
Unloading 2520 Unused Serialized files (Serialized files now loaded: 0)
System memory in use before: 206.5 MB.
System memory in use after: 206.6 MB.

Unloading 10 unused Assets to reduce memory usage. Loaded Objects now: 2977.
Total: 3.807958 ms (FindLiveObjects: 0.510168 ms CreateObjectMapping: 0.147710 ms MarkObjects: 2.891007 ms  DeleteObjects: 0.256949 ms)

========================================================================
Received Import Request.
  path: Assets/Prefabs/Tree.prefab
  artifactKey: Guid(77e521550731e4ef4af4c541b2400d9a) Importer(815301076,1909f56bfc062723c751e8b465ee728b)
Start importing Assets/Prefabs/Tree.prefab using Guid(77e521550731e4ef4af4c541b2400d9a) Importer(815301076,1909f56bfc062723c751e8b465ee728b)  -> (artifact id: '4bc8f3c396d846b3ba881e41092176cf') in 2.110087 seconds
  Import took 2.117482 seconds .

========================================================================
Received Import Request.
  Time since last request: 0.000611 seconds.
  path: Assets/Prefabs/Fox.prefab
  artifactKey: Guid(05b062099802242bd93fcadc1df1a045) Importer(815301076,1909f56bfc062723c751e8b465ee728b)
Start importing Assets/Prefabs/Fox.prefab using Guid(05b062099802242bd93fcadc1df1a045) Importer(815301076,1909f56bfc062723c751e8b465ee728b)  -> (artifact id: '5108f99d2810d615577469f2b5bf6c84') in 0.021888 seconds
  Import took 0.029521 seconds .

========================================================================
Received Import Request.
  Time since last request: 0.000393 seconds.
  path: Assets/Prefabs/Plant.prefab
  artifactKey: Guid(56af55e78987a4ba6a8ff31c0742091e) Importer(815301076,1909f56bfc062723c751e8b465ee728b)
Start importing Assets/Prefabs/Plant.prefab using Guid(56af55e78987a4ba6a8ff31c0742091e) Importer(815301076,1909f56bfc062723c751e8b465ee728b)  -> (artifact id: '0206346058737a1566d6031c19810f3e') in 0.112307 seconds
  Import took 0.120247 seconds .

========================================================================
Received Import Request.
  Time since last request: 0.000522 seconds.
  path: Assets/Prefabs/Bunny.prefab
  artifactKey: Guid(c1a85aca972174e5fad6e3274bb73a61) Importer(815301076,1909f56bfc062723c751e8b465ee728b)
Start importing Assets/Prefabs/Bunny.prefab using Guid(c1a85aca972174e5fad6e3274bb73a61) Importer(815301076,1909f56bfc062723c751e8b465ee728b)  -> (artifact id: '5e02890855a29a43454137bb8be94270') in 0.166994 seconds
  Import took 0.182046 seconds .

========================================================================
Received Import Request.
  Time since last request: 0.003128 seconds.
  path: Assets/Prefabs/Wolf.prefab
  artifactKey: Guid(79dcda03495b548afa3b3d83a6881a30) Importer(815301076,1909f56bfc062723c751e8b465ee728b)
Start importing Assets/Prefabs/Wolf.prefab using Guid(79dcda03495b548afa3b3d83a6881a30) Importer(815301076,1909f56bfc062723c751e8b465ee728b)  -> (artifact id: 'befb4354621caf7e812d0b6200ad5eb1') in 0.031750 seconds
  Import took 0.045498 seconds .

========================================================================
Received Import Request.
  Time since last request: 0.000579 seconds.
  path: Assets/Prefabs/Bear.prefab
  artifactKey: Guid(53d12a7a5ebbd4ec288e354f0894c62a) Importer(815301076,1909f56bfc062723c751e8b465ee728b)
Start importing Assets/Prefabs/Bear.prefab using Guid(53d12a7a5ebbd4ec288e354f0894c62a) Importer(815301076,1909f56bfc062723c751e8b465ee728b)  -> (artifact id: '1fd20fdf06a2b5492a29ce79d32f0a4a') in 0.024142 seconds
  Import took 0.033843 seconds .

========================================================================
Received Import Request.
  Time since last request: 0.000432 seconds.
  path: Assets/Prefabs/Yellow Cube.prefab
  artifactKey: Guid(268d37711249c41c9a341bf66914d44d) Importer(815301076,1909f56bfc062723c751e8b465ee728b)
Start importing Assets/Prefabs/Yellow Cube.prefab using Guid(268d37711249c41c9a341bf66914d44d) Importer(815301076,1909f56bfc062723c751e8b465ee728b)  -> (artifact id: 'e1dc6b721c866e5fa6077f3a1bc2ae6a') in 0.008190 seconds
  Import took 0.016066 seconds .

========================================================================
Received Import Request.
  Time since last request: 1993.231032 seconds.
  path: Assets/Scenes/Spectator Mode
  artifactKey: Guid(703f7e2afa8284c67b6f0be67700c8d1) Importer(815301076,1909f56bfc062723c751e8b465ee728b)
Start importing Assets/Scenes/Spectator Mode using Guid(703f7e2afa8284c67b6f0be67700c8d1) Importer(815301076,1909f56bfc062723c751e8b465ee728b)  -> (artifact id: 'c08749c99e5835fc0be3a300a9f21e28') in 0.018250 seconds
  Import took 0.061058 seconds .

========================================================================
Received Prepare
Registering precompiled user dll's ...
Registered in 0.000926 seconds.
Begin MonoManager ReloadAssembly
Native extension for WindowsStandalone target not found
Native extension for OSXStandalone target not found
Native extension for WebGL target not found
Refreshing native plugins compatible for Editor in 0.50 ms, found 1 plugins.
Preloading 0 native plugins for Editor in 0.00 ms.
Invoked RoslynAnalysisRunner static constructor.
RoslynAnalysisRunner will not be running.
RoslynAnalysisRunner has terminated.
Mono: successfully reloaded assembly
- Completed reload, in  1.445 seconds
Platform modules already initialized, skipping
Shader 'Universal Render Pipeline/Particles/Lit': fallback shader 'Universal Render Pipeline/Particles/SimpleLit' not found
Refreshing native plugins compatible for Editor in 0.71 ms, found 1 plugins.
Preloading 0 native plugins for Editor in 0.00 ms.
Unloading 2420 Unused Serialized files (Serialized files now loaded: 0)
System memory in use before: 207.3 MB.
System memory in use after: 207.5 MB.

Unloading 5 unused Assets to reduce memory usage. Loaded Objects now: 2987.
Total: 3.468684 ms (FindLiveObjects: 0.466257 ms CreateObjectMapping: 0.138497 ms MarkObjects: 2.797830 ms  DeleteObjects: 0.064097 ms)

========================================================================
Received Prepare
Registering precompiled user dll's ...
Registered in 0.003526 seconds.
Begin MonoManager ReloadAssembly
Native extension for WindowsStandalone target not found
Native extension for OSXStandalone target not found
Native extension for WebGL target not found
Refreshing native plugins compatible for Editor in 0.59 ms, found 1 plugins.
Preloading 0 native plugins for Editor in 0.00 ms.
Invoked RoslynAnalysisRunner static constructor.
RoslynAnalysisRunner will not be running.
RoslynAnalysisRunner has terminated.
Mono: successfully reloaded assembly
- Completed reload, in  1.510 seconds
Platform modules already initialized, skipping
Shader 'Universal Render Pipeline/Particles/Lit': fallback shader 'Universal Render Pipeline/Particles/SimpleLit' not found
Refreshing native plugins compatible for Editor in 0.68 ms, found 1 plugins.
Preloading 0 native plugins for Editor in 0.00 ms.
Unloading 2420 Unused Serialized files (Serialized files now loaded: 0)
System memory in use before: 207.8 MB.
System memory in use after: 208.0 MB.

Unloading 5 unused Assets to reduce memory usage. Loaded Objects now: 2990.
Total: 2.972757 ms (FindLiveObjects: 0.328693 ms CreateObjectMapping: 0.147543 ms MarkObjects: 2.464569 ms  DeleteObjects: 0.029698 ms)

========================================================================
Received Import Request.
  Time since last request: 251.943395 seconds.
  path: Assets/Scripts/Enviroment.cs
  artifactKey: Guid(96ec4cdf326df4c9198d48ad13ad3ac1) Importer(815301076,1909f56bfc062723c751e8b465ee728b)
Start importing Assets/Scripts/Enviroment.cs using Guid(96ec4cdf326df4c9198d48ad13ad3ac1) Importer(815301076,1909f56bfc062723c751e8b465ee728b)  -> (artifact id: '4fd87a4a712235a59e3b034003e61d2a') in 0.729231 seconds
  Import took 0.738332 seconds .

========================================================================
Received Prepare
Registering precompiled user dll's ...
Registered in 0.001600 seconds.
Begin MonoManager ReloadAssembly
Native extension for WindowsStandalone target not found
Native extension for OSXStandalone target not found
Native extension for WebGL target not found
Refreshing native plugins compatible for Editor in 0.45 ms, found 1 plugins.
Preloading 0 native plugins for Editor in 0.00 ms.
Invoked RoslynAnalysisRunner static constructor.
RoslynAnalysisRunner will not be running.
RoslynAnalysisRunner has terminated.
Mono: successfully reloaded assembly
- Completed reload, in  1.245 seconds
Platform modules already initialized, skipping
Shader 'Universal Render Pipeline/Particles/Lit': fallback shader 'Universal Render Pipeline/Particles/SimpleLit' not found
Refreshing native plugins compatible for Editor in 0.48 ms, found 1 plugins.
Preloading 0 native plugins for Editor in 0.00 ms.
Unloading 2420 Unused Serialized files (Serialized files now loaded: 0)
System memory in use before: 212.4 MB.
System memory in use after: 212.6 MB.

Unloading 5 unused Assets to reduce memory usage. Loaded Objects now: 2993.
Total: 2.630567 ms (FindLiveObjects: 0.353012 ms CreateObjectMapping: 0.109736 ms MarkObjects: 2.141880 ms  DeleteObjects: 0.024256 ms)

========================================================================
Received Import Request.
  Time since last request: 22.453355 seconds.
  path: Assets/Scripts/Enviroment.cs
  artifactKey: Guid(96ec4cdf326df4c9198d48ad13ad3ac1) Importer(815301076,1909f56bfc062723c751e8b465ee728b)
Start importing Assets/Scripts/Enviroment.cs using Guid(96ec4cdf326df4c9198d48ad13ad3ac1) Importer(815301076,1909f56bfc062723c751e8b465ee728b)  -> (artifact id: '404718e3cbf6235f4e3bdb50e569933e') in 0.010827 seconds
  Import took 0.017066 seconds .

========================================================================
Received Import Request.
  Time since last request: 1281.815781 seconds.
  path: Assets/Prefabs/Wild Boar.prefab
  artifactKey: Guid(268d37711249c41c9a341bf66914d44d) Importer(815301076,1909f56bfc062723c751e8b465ee728b)
Start importing Assets/Prefabs/Wild Boar.prefab using Guid(268d37711249c41c9a341bf66914d44d) Importer(815301076,1909f56bfc062723c751e8b465ee728b)  -> (artifact id: 'a665c958f4c94ab17ffe4b72cfefe8b7') in 0.128904 seconds
  Import took 0.160470 seconds .

========================================================================
Received Import Request.
  Time since last request: 218.151373 seconds.
  path: Assets/Prefabs/Bunny.prefab
  artifactKey: Guid(c1a85aca972174e5fad6e3274bb73a61) Importer(815301076,1909f56bfc062723c751e8b465ee728b)
Start importing Assets/Prefabs/Bunny.prefab using Guid(c1a85aca972174e5fad6e3274bb73a61) Importer(815301076,1909f56bfc062723c751e8b465ee728b)  -> (artifact id: 'f469e706b0e05dd7aa9eba90af110053') in 0.128400 seconds
  Import took 0.136136 seconds .

========================================================================
Received Import Request.
  Time since last request: 0.015380 seconds.
  path: Assets/Prefabs/Bunny.prefab
  artifactKey: Guid(c1a85aca972174e5fad6e3274bb73a61) Importer(815301076,1909f56bfc062723c751e8b465ee728b)
Start importing Assets/Prefabs/Bunny.prefab using Guid(c1a85aca972174e5fad6e3274bb73a61) Importer(815301076,1909f56bfc062723c751e8b465ee728b)  -> (artifact id: 'f469e706b0e05dd7aa9eba90af110053') in 0.013753 seconds
  Import took 0.021610 seconds .

========================================================================
Received Import Request.
  Time since last request: 397.832737 seconds.
  path: Assets/Prefabs/Fox.prefab
  artifactKey: Guid(05b062099802242bd93fcadc1df1a045) Importer(815301076,1909f56bfc062723c751e8b465ee728b)
Start importing Assets/Prefabs/Fox.prefab using Guid(05b062099802242bd93fcadc1df1a045) Importer(815301076,1909f56bfc062723c751e8b465ee728b)  -> (artifact id: 'f62ac96adb7767e65e12ed3df0cb952a') in 0.028241 seconds
  Import took 0.036929 seconds .

========================================================================
Received Import Request.
  Time since last request: 60.901710 seconds.
  path: Assets/Prefabs/Fox.prefab
  artifactKey: Guid(05b062099802242bd93fcadc1df1a045) Importer(815301076,1909f56bfc062723c751e8b465ee728b)
Start importing Assets/Prefabs/Fox.prefab using Guid(05b062099802242bd93fcadc1df1a045) Importer(815301076,1909f56bfc062723c751e8b465ee728b)  -> (artifact id: '41a0ae4dffa877c129c7ed604102bfc1') in 0.024705 seconds
  Import took 0.031580 seconds .

========================================================================
Received Import Request.
  Time since last request: 0.015839 seconds.
  path: Assets/Prefabs/Fox.prefab
  artifactKey: Guid(05b062099802242bd93fcadc1df1a045) Importer(815301076,1909f56bfc062723c751e8b465ee728b)
Start importing Assets/Prefabs/Fox.prefab using Guid(05b062099802242bd93fcadc1df1a045) Importer(815301076,1909f56bfc062723c751e8b465ee728b)  -> (artifact id: '41a0ae4dffa877c129c7ed604102bfc1') in 0.032270 seconds
  Import took 0.042083 seconds .

========================================================================
Received Import Request.
  Time since last request: 7.617198 seconds.
  path: Assets/Prefabs/Bear.prefab
  artifactKey: Guid(53d12a7a5ebbd4ec288e354f0894c62a) Importer(815301076,1909f56bfc062723c751e8b465ee728b)
Start importing Assets/Prefabs/Bear.prefab using Guid(53d12a7a5ebbd4ec288e354f0894c62a) Importer(815301076,1909f56bfc062723c751e8b465ee728b)  -> (artifact id: '65ed2ad24f44cc3ff36620be65330252') in 0.024842 seconds
  Import took 0.031795 seconds .

========================================================================
Received Import Request.
  Time since last request: 0.006876 seconds.
  path: Assets/Prefabs/Bear.prefab
  artifactKey: Guid(53d12a7a5ebbd4ec288e354f0894c62a) Importer(815301076,1909f56bfc062723c751e8b465ee728b)
Start importing Assets/Prefabs/Bear.prefab using Guid(53d12a7a5ebbd4ec288e354f0894c62a) Importer(815301076,1909f56bfc062723c751e8b465ee728b)  -> (artifact id: '65ed2ad24f44cc3ff36620be65330252') in 0.020381 seconds
  Import took 0.026312 seconds .

========================================================================
Received Import Request.
  Time since last request: 237.984098 seconds.
  path: Assets/Prefabs/Wolf.prefab
  artifactKey: Guid(79dcda03495b548afa3b3d83a6881a30) Importer(815301076,1909f56bfc062723c751e8b465ee728b)
Start importing Assets/Prefabs/Wolf.prefab using Guid(79dcda03495b548afa3b3d83a6881a30) Importer(815301076,1909f56bfc062723c751e8b465ee728b)  -> (artifact id: '60bbe5db89a8dd4c8a0eb727c826ed42') in 0.029175 seconds
  Import took 0.035524 seconds .

